polybar|notice:  Parsing config file: /home/johnil/.config/polybar/config.ini
polybar|notice:  Listening for IPC messages (PID: 8431)
polybar|notice:  Loading module 'xworkspaces' of type 'internal/xworkspaces'
polybar|notice:  Loading module 'xwindow' of type 'internal/xwindow'
polybar|notice:  Loading module 'filesystem' of type 'internal/fs'
polybar|notice:  Loading module 'pulseaudio' of type 'internal/pulseaudio'
polybar|notice:  pulseaudio: using default sink alsa_output.pci-0000_00_1f.3-platform-skl_hda_dsp_generic.HiFi__hw_sofhdadsp__sink
polybar|notice:  Loading module 'xkeyboard' of type 'internal/xkeyboard'
polybar|notice:  Loading module 'memory' of type 'internal/memory'
polybar|notice:  Loading module 'cpu' of type 'internal/cpu'
polybar|notice:  Loading module 'wlan' of type 'internal/network'
polybar|notice:  module/wlan: Discovered wireless interface wlp0s20f3
polybar|notice:  Loading module 'eth' of type 'internal/network'
polybar|error: Disabling module "eth" (reason: No interface found for type 'wired')
polybar|notice:  Loading module 'date' of type 'internal/date'
polybar|notice:  Loading module 'battery' of type 'internal/battery'
polybar|notice:  Loaded 10 modules
polybar|notice:  Loaded font "monospace" (name=DejaVu Sans Mono, offset=2, file=/usr/share/fonts/truetype/dejavu/DejaVuSansMono.ttf)
polybar|warn:  Dropping unmatched character  (U+f241) in '  Discharging 69%'
polybar|warn:  Dropping unmatched character  (U+f241) in '  Discharging 69%'
polybar|warn:  Dropping unmatched character  (U+f241) in '  Discharging 69%'
polybar|warn:  Dropping unmatched character  (U+f241) in '  Discharging 69%'
polybar|warn:  Dropping unmatched character  (U+f241) in '  Discharging 69%'
polybar|warn:  Dropping unmatched character  (U+f241) in '  Discharging 69%'
polybar|warn:  Dropping unmatched character  (U+f241) in '  Discharging 69%'
polybar|warn:  Dropping unmatched character  (U+f241) in '  Discharging 69%'
polybar|warn:  Dropping unmatched character  (U+f241) in '  Discharging 69%'
polybar|warn:  Dropping unmatched character  (U+f241) in '  Discharging 69%'
polybar|warn:  Dropping unmatched character  (U+f241) in '  Discharging 69%'
polybar|warn:  Dropping unmatched character  (U+f241) in '  Discharging 69%'
polybar|warn:  Dropping unmatched character  (U+f241) in '  Discharging 69%'
polybar|warn:  Dropping unmatched character  (U+f241) in '  Discharging 69%'
polybar|warn:  Dropping unmatched character  (U+f241) in '  Discharging 69%'
polybar|warn:  Dropping unmatched character  (U+f241) in '  Discharging 69%'
polybar|warn:  Dropping unmatched character  (U+f241) in '  Discharging 69%'
polybar|warn:  Dropping unmatched character  (U+f241) in '  Discharging 69%'
polybar|warn:  Dropping unmatched character  (U+f241) in '  Discharging 69%'
polybar|warn:  Dropping unmatched character  (U+f241) in '  Discharging 69%'
polybar|warn:  Dropping unmatched character  (U+f241) in '  Discharging 69%'
polybar|warn:  Dropping unmatched character  (U+f241) in '  Discharging 69%'
polybar|warn:  Dropping unmatched character  (U+f241) in '  Discharging 69%'
polybar|warn:  Dropping unmatched character  (U+f241) in '  Discharging 69%'
polybar|warn:  Dropping unmatched character  (U+f241) in '  Discharging 69%'
polybar|warn:  Dropping unmatched character  (U+f241) in '  Discharging 69%'
polybar|warn:  Dropping unmatched character  (U+f241) in '  Discharging 69%'
polybar|warn:  Dropping unmatched character  (U+f241) in '  Discharging 69%'
polybar|warn:  Dropping unmatched character  (U+f241) in '  Discharging 69%'
polybar|warn:  Dropping unmatched character  (U+f241) in '  Discharging 69%'
polybar|warn:  Dropping unmatched character  (U+f241) in '  Discharging 69%'
polybar|warn:  Dropping unmatched character  (U+f241) in '  Discharging 69%'
polybar|warn:  Dropping unmatched character  (U+f241) in '  Discharging 69%'
polybar|warn:  Dropping unmatched character  (U+f241) in '  Discharging 69%'
polybar|warn:  Dropping unmatched character  (U+f241) in '  Discharging 69%'
polybar|warn:  Dropping unmatched character  (U+f241) in '  Discharging 69%'
polybar|warn:  Dropping unmatched character  (U+f241) in '  Discharging 69%'
polybar|warn:  Dropping unmatched character  (U+f241) in '  Discharging 69%'
polybar|warn:  Dropping unmatched character  (U+f241) in '  Discharging 69%'
polybar|warn:  Dropping unmatched character  (U+f241) in '  Discharging 69%'
polybar|warn:  Dropping unmatched character  (U+f241) in '  Discharging 69%'
polybar|warn:  Dropping unmatched character  (U+f241) in '  Discharging 69%'
polybar|warn:  Dropping unmatched character  (U+f241) in '  Discharging 69%'
polybar|warn:  Dropping unmatched character  (U+f241) in '  Discharging 69%'
polybar|warn:  Dropping unmatched character  (U+f241) in '  Discharging 69%'
polybar|warn:  Dropping unmatched character  (U+f241) in '  Discharging 69%'
polybar|warn:  Dropping unmatched character  (U+f241) in '  Discharging 68%'
polybar|warn:  Dropping unmatched character  (U+f241) in '  Discharging 68%'
polybar|warn:  Dropping unmatched character  (U+f241) in '  Discharging 68%'
polybar|warn:  Dropping unmatched character  (U+f241) in '  Discharging 68%'
polybar|warn:  Dropping unmatched character  (U+f241) in '  Discharging 68%'
polybar|warn:  Dropping unmatched character  (U+f241) in '  Discharging 68%'
polybar|warn:  Dropping unmatched character  (U+f241) in '  Discharging 68%'
polybar|warn:  Dropping unmatched character  (U+f241) in '  Discharging 68%'
polybar|warn:  Dropping unmatched character  (U+f241) in '  Discharging 68%'
polybar|warn:  Dropping unmatched character  (U+f241) in '  Discharging 68%'
polybar|warn:  Dropping unmatched character  (U+f241) in '  Discharging 68%'
polybar|warn:  Dropping unmatched character  (U+f241) in '  Discharging 68%'
polybar|warn:  Dropping unmatched character  (U+f241) in '  Discharging 68%'
polybar|warn:  Dropping unmatched character  (U+f241) in '  Discharging 68%'
polybar|warn:  Dropping unmatched character  (U+f241) in '  Discharging 68%'
polybar|warn:  Dropping unmatched character  (U+f241) in '  Discharging 68%'
polybar|warn:  Dropping unmatched character  (U+f241) in '  Discharging 68%'
polybar|warn:  Dropping unmatched character  (U+f241) in '  Discharging 68%'
polybar|warn:  Dropping unmatched character  (U+f241) in '  Discharging 68%'
polybar|warn:  Dropping unmatched character  (U+f241) in '  Discharging 68%'
polybar|warn:  Dropping unmatched character  (U+f241) in '  Discharging 68%'
polybar|warn:  Dropping unmatched character  (U+f241) in '  Discharging 68%'
polybar|warn:  Dropping unmatched character  (U+f241) in '  Discharging 68%'
polybar|warn:  Dropping unmatched character  (U+f241) in '  Discharging 68%'
polybar|warn:  Dropping unmatched character  (U+f241) in '  Discharging 68%'
polybar|warn:  Dropping unmatched character  (U+f241) in '  Discharging 68%'
polybar|warn:  Dropping unmatched character  (U+f241) in '  Discharging 68%'
polybar|warn:  Dropping unmatched character  (U+f241) in '  Discharging 68%'
polybar|warn:  Dropping unmatched character  (U+f241) in '  Discharging 68%'
polybar|warn:  Dropping unmatched character  (U+f241) in '  Discharging 68%'
polybar|warn:  Dropping unmatched character  (U+f241) in '  Discharging 68%'
polybar|warn:  Dropping unmatched character  (U+f241) in '  Discharging 68%'
polybar|warn:  Dropping unmatched character  (U+f241) in '  Discharging 68%'
polybar|warn:  Dropping unmatched character  (U+f241) in '  Discharging 68%'
polybar|warn:  Dropping unmatched character  (U+f241) in '  Discharging 68%'
polybar|warn:  Dropping unmatched character  (U+f241) in '  Discharging 68%'
polybar|warn:  Dropping unmatched character  (U+f241) in '  Discharging 68%'
polybar|warn:  Dropping unmatched character  (U+f241) in '  Discharging 68%'
polybar|warn:  Dropping unmatched character  (U+f241) in '  Discharging 68%'
polybar|warn:  Dropping unmatched character  (U+f241) in '  Discharging 68%'
polybar|warn:  Dropping unmatched character  (U+f241) in '  Discharging 68%'
polybar|warn:  Dropping unmatched character  (U+f241) in '  Discharging 68%'
polybar|warn:  Dropping unmatched character  (U+f241) in '  Discharging 68%'
polybar|warn:  Dropping unmatched character  (U+f241) in '  Discharging 68%'
polybar|warn:  Dropping unmatched character  (U+f241) in '  Discharging 68%'
polybar|warn:  Dropping unmatched character  (U+f241) in '  Discharging 68%'
polybar|warn:  Dropping unmatched character  (U+f241) in '  Discharging 68%'
polybar|warn:  Dropping unmatched character  (U+f241) in '  Discharging 68%'
polybar|warn:  Dropping unmatched character  (U+f241) in '  Discharging 68%'
polybar|warn:  Dropping unmatched character  (U+f241) in '  Discharging 68%'
polybar|warn:  Dropping unmatched character  (U+f241) in '  Discharging 68%'
polybar|warn:  Dropping unmatched character  (U+f241) in '  Discharging 68%'
polybar|warn:  Dropping unmatched character  (U+f241) in '  Discharging 68%'
polybar|warn:  Dropping unmatched character  (U+f241) in '  Discharging 68%'
polybar|warn:  Dropping unmatched character  (U+f241) in '  Discharging 68%'
polybar|warn:  Dropping unmatched character  (U+f241) in '  Discharging 68%'
polybar|warn:  Dropping unmatched character  (U+f241) in '  Discharging 68%'
polybar|warn:  Dropping unmatched character  (U+f241) in '  Discharging 68%'
polybar|warn:  Dropping unmatched character  (U+f241) in '  Discharging 68%'
polybar|warn:  Dropping unmatched character  (U+f241) in '  Discharging 68%'
polybar|warn:  Dropping unmatched character  (U+f241) in '  Discharging 68%'
polybar|warn:  Dropping unmatched character  (U+f241) in '  Discharging 68%'
polybar|warn:  Dropping unmatched character  (U+f241) in '  Discharging 68%'
polybar|warn:  Dropping unmatched character  (U+f241) in '  Discharging 68%'
polybar|warn:  Dropping unmatched character  (U+f241) in '  Discharging 68%'
polybar|warn:  Dropping unmatched character  (U+f241) in '  Discharging 68%'
polybar|warn:  Dropping unmatched character  (U+f241) in '  Discharging 68%'
polybar|warn:  Dropping unmatched character  (U+f241) in '  Discharging 68%'
polybar|warn:  Dropping unmatched character  (U+f241) in '  Discharging 68%'
polybar|warn:  Dropping unmatched character  (U+f241) in '  Discharging 68%'
polybar|warn:  Dropping unmatched character  (U+f241) in '  Discharging 68%'
polybar|warn:  Dropping unmatched character  (U+f241) in '  Discharging 68%'
polybar|warn:  Dropping unmatched character  (U+f241) in '  Discharging 68%'
polybar|warn:  Dropping unmatched character  (U+f241) in '  Discharging 68%'
polybar|warn:  Dropping unmatched character  (U+f241) in '  Discharging 68%'
polybar|warn:  Dropping unmatched character  (U+f241) in '  Discharging 68%'
polybar|warn:  Dropping unmatched character  (U+f241) in '  Discharging 68%'
polybar|warn:  Dropping unmatched character  (U+f241) in '  Discharging 68%'
polybar|warn:  Dropping unmatched character  (U+f241) in '  Discharging 68%'
polybar|warn:  Dropping unmatched character  (U+f241) in '  Discharging 68%'
polybar|warn:  Dropping unmatched character  (U+f241) in '  Discharging 68%'
polybar|warn:  Dropping unmatched character  (U+f241) in '  Discharging 68%'
polybar|warn:  Dropping unmatched character  (U+f241) in '  Discharging 68%'
polybar|warn:  Dropping unmatched character  (U+f241) in '  Discharging 68%'
polybar|warn:  Dropping unmatched character  (U+f242) in '  Discharging 67%'
polybar|warn:  Dropping unmatched character  (U+f242) in '  Discharging 67%'
polybar|warn:  Dropping unmatched character  (U+f242) in '  Discharging 67%'
polybar|warn:  Dropping unmatched character  (U+f242) in '  Discharging 67%'
polybar|warn:  Dropping unmatched character  (U+f242) in '  Discharging 67%'
polybar|warn:  Dropping unmatched character  (U+f242) in '  Discharging 67%'
polybar|warn:  Dropping unmatched character  (U+f242) in '  Discharging 67%'
polybar|warn:  Dropping unmatched character  (U+f242) in '  Discharging 67%'
polybar|warn:  Dropping unmatched character  (U+f242) in '  Discharging 67%'
polybar|warn:  Dropping unmatched character  (U+f242) in '  Discharging 67%'
polybar|warn:  Dropping unmatched character  (U+f242) in '  Discharging 67%'
polybar|warn:  Dropping unmatched character  (U+f242) in '  Discharging 67%'
polybar|warn:  Dropping unmatched character  (U+f242) in '  Discharging 67%'
polybar|warn:  Dropping unmatched character  (U+f242) in '  Discharging 67%'
polybar|warn:  Dropping unmatched character  (U+f242) in '  Discharging 67%'
polybar|warn:  Dropping unmatched character  (U+f242) in '  Discharging 67%'
polybar|warn:  Dropping unmatched character  (U+f242) in '  Discharging 67%'
polybar|warn:  Dropping unmatched character  (U+f242) in '  Discharging 67%'
polybar|warn:  Dropping unmatched character  (U+f242) in '  Discharging 67%'
polybar|warn:  Dropping unmatched character  (U+f242) in '  Discharging 67%'
polybar|warn:  Dropping unmatched character  (U+f242) in '  Discharging 67%'
polybar|warn:  Dropping unmatched character  (U+f242) in '  Discharging 67%'
polybar|warn:  Dropping unmatched character  (U+f242) in '  Discharging 67%'
polybar|warn:  Dropping unmatched character  (U+f242) in '  Discharging 67%'
polybar|warn:  Dropping unmatched character  (U+f242) in '  Discharging 67%'
polybar|warn:  Dropping unmatched character  (U+f242) in '  Discharging 67%'
polybar|warn:  Dropping unmatched character  (U+f242) in '  Discharging 67%'
polybar|warn:  Dropping unmatched character  (U+f242) in '  Discharging 67%'
polybar|warn:  Dropping unmatched character  (U+f242) in '  Discharging 67%'
polybar|warn:  Dropping unmatched character  (U+f242) in '  Discharging 67%'
polybar|warn:  Dropping unmatched character  (U+f242) in '  Discharging 67%'
polybar|warn:  Dropping unmatched character  (U+f242) in '  Discharging 67%'
polybar|warn:  Dropping unmatched character  (U+f242) in '  Discharging 67%'
polybar|warn:  Dropping unmatched character  (U+f242) in '  Discharging 67%'
polybar|warn:  Dropping unmatched character  (U+f242) in '  Discharging 67%'
polybar|warn:  Dropping unmatched character  (U+f242) in '  Discharging 67%'
polybar|warn:  Dropping unmatched character  (U+f242) in '  Discharging 67%'
polybar|warn:  Dropping unmatched character  (U+f242) in '  Discharging 67%'
polybar|warn:  Dropping unmatched character  (U+f242) in '  Discharging 67%'
polybar|warn:  Dropping unmatched character  (U+f242) in '  Discharging 67%'
polybar|warn:  Dropping unmatched character  (U+f242) in '  Discharging 67%'
polybar|warn:  Dropping unmatched character  (U+f242) in '  Discharging 67%'
polybar|warn:  Dropping unmatched character  (U+f242) in '  Discharging 67%'
polybar|warn:  Dropping unmatched character  (U+f242) in '  Discharging 67%'
polybar|warn:  Dropping unmatched character  (U+f242) in '  Discharging 67%'
polybar|warn:  Dropping unmatched character  (U+f242) in '  Discharging 67%'
polybar|warn:  Dropping unmatched character  (U+f242) in '  Discharging 67%'
polybar|warn:  Dropping unmatched character  (U+f242) in '  Discharging 67%'
polybar|warn:  Dropping unmatched character  (U+f242) in '  Discharging 67%'
polybar|warn:  Dropping unmatched character  (U+f242) in '  Discharging 67%'
polybar|warn:  Dropping unmatched character  (U+f242) in '  Discharging 67%'
polybar|warn:  Dropping unmatched character  (U+f242) in '  Discharging 67%'
polybar|warn:  Dropping unmatched character  (U+f242) in '  Discharging 67%'
polybar|warn:  Dropping unmatched character  (U+f242) in '  Discharging 67%'
polybar|warn:  Dropping unmatched character  (U+f242) in '  Discharging 67%'
polybar|warn:  Dropping unmatched character  (U+f242) in '  Discharging 67%'
polybar|warn:  Dropping unmatched character  (U+f242) in '  Discharging 67%'
polybar|warn:  Dropping unmatched character  (U+f242) in '  Discharging 67%'
polybar|warn:  Dropping unmatched character  (U+f242) in '  Discharging 67%'
polybar|warn:  Dropping unmatched character  (U+f242) in '  Discharging 67%'
polybar|warn:  Dropping unmatched character  (U+f242) in '  Discharging 67%'
polybar|warn:  Dropping unmatched character  (U+f242) in '  Discharging 67%'
polybar|warn:  Dropping unmatched character  (U+f242) in '  Discharging 67%'
polybar|warn:  Dropping unmatched character  (U+f242) in '  Discharging 67%'
polybar|warn:  Dropping unmatched character  (U+f242) in '  Discharging 67%'
polybar|warn:  Dropping unmatched character  (U+f242) in '  Discharging 67%'
polybar|warn:  Dropping unmatched character  (U+f242) in '  Discharging 66%'
polybar|warn:  Dropping unmatched character  (U+f242) in '  Discharging 66%'
polybar|warn:  Dropping unmatched character  (U+f242) in '  Discharging 66%'
polybar|warn:  Dropping unmatched character  (U+f242) in '  Discharging 66%'
polybar|warn:  Dropping unmatched character  (U+f242) in '  Discharging 66%'
polybar|warn:  Dropping unmatched character  (U+f242) in '  Discharging 66%'
polybar|warn:  Dropping unmatched character  (U+f242) in '  Discharging 66%'
polybar|warn:  Dropping unmatched character  (U+f242) in '  Discharging 66%'
polybar|warn:  Dropping unmatched character  (U+f242) in '  Discharging 66%'
polybar|warn:  Dropping unmatched character  (U+f242) in '  Discharging 66%'
polybar|warn:  Dropping unmatched character  (U+f242) in '  Discharging 66%'
polybar|warn:  Dropping unmatched character  (U+f242) in '  Discharging 66%'
polybar|warn:  Dropping unmatched character  (U+f242) in '  Discharging 66%'
polybar|warn:  Dropping unmatched character  (U+f242) in '  Discharging 66%'
polybar|warn:  Dropping unmatched character  (U+f242) in '  Discharging 66%'
polybar|warn:  Dropping unmatched character  (U+f242) in '  Discharging 66%'
polybar|warn:  Dropping unmatched character  (U+f242) in '  Discharging 66%'
polybar|warn:  Dropping unmatched character  (U+f242) in '  Discharging 66%'
polybar|warn:  Dropping unmatched character  (U+f242) in '  Discharging 66%'
polybar|warn:  Dropping unmatched character  (U+f242) in '  Discharging 66%'
polybar|warn:  Dropping unmatched character  (U+f242) in '  Discharging 66%'
polybar|warn:  Dropping unmatched character  (U+f242) in '  Discharging 66%'
polybar|warn:  Dropping unmatched character  (U+f242) in '  Discharging 66%'
polybar|warn:  Dropping unmatched character  (U+f242) in '  Discharging 66%'
polybar|warn:  Dropping unmatched character  (U+f242) in '  Discharging 66%'
polybar|warn:  Dropping unmatched character  (U+f242) in '  Discharging 66%'
polybar|warn:  Dropping unmatched character  (U+f242) in '  Discharging 66%'
polybar|warn:  Dropping unmatched character  (U+f242) in '  Discharging 66%'
polybar|warn:  Dropping unmatched character  (U+f242) in '  Discharging 66%'
polybar|warn:  Dropping unmatched character  (U+f242) in '  Discharging 66%'
polybar|warn:  Dropping unmatched character  (U+f242) in '  Discharging 66%'
polybar|warn:  Dropping unmatched character  (U+f242) in '  Discharging 66%'
polybar|warn:  Dropping unmatched character  (U+f242) in '  Discharging 66%'
polybar|warn:  Dropping unmatched character  (U+f242) in '  Discharging 66%'
polybar|warn:  Dropping unmatched character  (U+f242) in '  Discharging 66%'
polybar|warn:  Dropping unmatched character  (U+f242) in '  Discharging 66%'
polybar|warn:  Dropping unmatched character  (U+f242) in '  Discharging 66%'
polybar|warn:  Dropping unmatched character  (U+f242) in '  Discharging 66%'
polybar|warn:  Dropping unmatched character  (U+f242) in '  Discharging 66%'
polybar|warn:  Dropping unmatched character  (U+f242) in '  Discharging 66%'
polybar|warn:  Dropping unmatched character  (U+f242) in '  Discharging 66%'
polybar|warn:  Dropping unmatched character  (U+f242) in '  Discharging 66%'
polybar|warn:  Dropping unmatched character  (U+f242) in '  Discharging 66%'
polybar|warn:  Dropping unmatched character  (U+f242) in '  Discharging 66%'
polybar|warn:  Dropping unmatched character  (U+f242) in '  Discharging 66%'
polybar|warn:  Dropping unmatched character  (U+f242) in '  Discharging 66%'
polybar|warn:  Dropping unmatched character  (U+f242) in '  Discharging 66%'
polybar|warn:  Dropping unmatched character  (U+f242) in '  Discharging 66%'
polybar|warn:  Dropping unmatched character  (U+f242) in '  Discharging 66%'
polybar|warn:  Dropping unmatched character  (U+f242) in '  Discharging 66%'
polybar|warn:  Dropping unmatched character  (U+f242) in '  Discharging 66%'
polybar|warn:  Dropping unmatched character  (U+f242) in '  Discharging 66%'
polybar|warn:  Dropping unmatched character  (U+f242) in '  Discharging 66%'
polybar|warn:  Dropping unmatched character  (U+f242) in '  Discharging 66%'
polybar|warn:  Dropping unmatched character  (U+f242) in '  Discharging 66%'
polybar|warn:  Dropping unmatched character  (U+f242) in '  Discharging 66%'
polybar|warn:  Dropping unmatched character  (U+f242) in '  Discharging 66%'
polybar|warn:  Dropping unmatched character  (U+f242) in '  Discharging 65%'
polybar|warn:  Dropping unmatched character  (U+f242) in '  Discharging 65%'
polybar|warn:  Dropping unmatched character  (U+f242) in '  Discharging 65%'
polybar|warn:  Dropping unmatched character  (U+f242) in '  Discharging 65%'
polybar|warn:  Dropping unmatched character  (U+f242) in '  Discharging 65%'
polybar|warn:  Dropping unmatched character  (U+f242) in '  Discharging 65%'
polybar|warn:  Dropping unmatched character  (U+f242) in '  Discharging 65%'
polybar|warn:  Dropping unmatched character  (U+f242) in '  Discharging 65%'
polybar|warn:  Dropping unmatched character  (U+f242) in '  Discharging 65%'
polybar|warn:  Dropping unmatched character  (U+f242) in '  Discharging 65%'
polybar|warn:  Dropping unmatched character  (U+f242) in '  Discharging 65%'
polybar|warn:  Dropping unmatched character  (U+f242) in '  Discharging 65%'
polybar|warn:  Dropping unmatched character  (U+f242) in '  Discharging 65%'
polybar|warn:  Dropping unmatched character  (U+f242) in '  Discharging 65%'
polybar|warn:  Dropping unmatched character  (U+f242) in '  Discharging 65%'
polybar|warn:  Dropping unmatched character  (U+f242) in '  Discharging 65%'
polybar|warn:  Dropping unmatched character  (U+f242) in '  Discharging 65%'
polybar|warn:  Dropping unmatched character  (U+f242) in '  Discharging 65%'
polybar|warn:  Dropping unmatched character  (U+f242) in '  Discharging 65%'
polybar|warn:  Dropping unmatched character  (U+f242) in '  Discharging 65%'
polybar|warn:  Dropping unmatched character  (U+f242) in '  Discharging 65%'
polybar|warn:  Dropping unmatched character  (U+f242) in '  Discharging 65%'
polybar|warn:  Dropping unmatched character  (U+f242) in '  Discharging 65%'
polybar|warn:  Dropping unmatched character  (U+f242) in '  Discharging 65%'
polybar|warn:  Dropping unmatched character  (U+f242) in '  Discharging 65%'
polybar|warn:  Dropping unmatched character  (U+f242) in '  Discharging 65%'
polybar|warn:  Dropping unmatched character  (U+f242) in '  Discharging 65%'
polybar|warn:  Dropping unmatched character  (U+f242) in '  Discharging 65%'
polybar|warn:  Dropping unmatched character  (U+f242) in '  Discharging 65%'
polybar|warn:  Dropping unmatched character  (U+f242) in '  Discharging 65%'
polybar|warn:  Dropping unmatched character  (U+f242) in '  Discharging 65%'
polybar|warn:  Dropping unmatched character  (U+f242) in '  Discharging 65%'
polybar|warn:  Dropping unmatched character  (U+f242) in '  Discharging 65%'
polybar|warn:  Dropping unmatched character  (U+f242) in '  Discharging 65%'
polybar|warn:  Dropping unmatched character  (U+f242) in '  Discharging 65%'
polybar|warn:  Dropping unmatched character  (U+f242) in '  Discharging 65%'
polybar|warn:  Dropping unmatched character  (U+f242) in '  Discharging 65%'
polybar|warn:  Dropping unmatched character  (U+f242) in '  Discharging 65%'
polybar|warn:  Dropping unmatched character  (U+f242) in '  Discharging 65%'
polybar|warn:  Dropping unmatched character  (U+f242) in '  Discharging 65%'
polybar|warn:  Dropping unmatched character  (U+f242) in '  Discharging 65%'
polybar|warn:  Dropping unmatched character  (U+f242) in '  Discharging 65%'
polybar|warn:  Dropping unmatched character  (U+f242) in '  Discharging 65%'
polybar|warn:  Dropping unmatched character  (U+f242) in '  Discharging 65%'
polybar|warn:  Dropping unmatched character  (U+f242) in '  Discharging 65%'
polybar|warn:  Dropping unmatched character  (U+f242) in '  Discharging 65%'
polybar|warn:  Dropping unmatched character  (U+f242) in '  Discharging 65%'
polybar|warn:  Dropping unmatched character  (U+f242) in '  Discharging 65%'
polybar|warn:  Dropping unmatched character  (U+f242) in '  Discharging 65%'
polybar|warn:  Dropping unmatched character  (U+f242) in '  Discharging 65%'
polybar|warn:  Dropping unmatched character  (U+f242) in '  Discharging 64%'
polybar|warn:  Dropping unmatched character  (U+f242) in '  Discharging 64%'
polybar|warn:  Dropping unmatched character  (U+f242) in '  Discharging 64%'
polybar|warn:  Dropping unmatched character  (U+f242) in '  Discharging 64%'
polybar|warn:  Dropping unmatched character  (U+f242) in '  Discharging 64%'
polybar|warn:  Dropping unmatched character  (U+f242) in '  Discharging 64%'
polybar|warn:  Dropping unmatched character  (U+f242) in '  Discharging 64%'
polybar|notice:  Received signal(15): Terminated
polybar|notice:  Termination signal received, shutting down...
